0 info it worked if it ends with ok
1 verbose cli [ '/usr/local/bin/node', '/usr/local/bin/npm', 'run', 'test' ]
2 info using npm@3.9.3
3 info using node@v4.4.5
4 verbose run-script [ 'pretest', 'test', 'posttest' ]
5 info lifecycle vets-json-schema@1.7.5~pretest: vets-json-schema@1.7.5
6 silly lifecycle vets-json-schema@1.7.5~pretest: no script for pretest, continuing
7 info lifecycle vets-json-schema@1.7.5~test: vets-json-schema@1.7.5
8 verbose lifecycle vets-json-schema@1.7.5~test: unsafe-perm in lifecycle true
9 verbose lifecycle vets-json-schema@1.7.5~test: PATH: /usr/local/lib/node_modules/npm/bin/node-gyp-bin:/Users/vacokainia/Desktop/coding/vets-json-schema/node_modules/.bin:/usr/local/bin:/Users/vacokainia/.rbenv/shims:/usr/local/bin:/usr/bin:/bin:/usr/sbin:/sbin:/usr/local/sbin
10 verbose lifecycle vets-json-schema@1.7.5~test: CWD: /Users/vacokainia/Desktop/coding/vets-json-schema
11 silly lifecycle vets-json-schema@1.7.5~test: Args: [ '-c', 'mocha \'test/**/*.spec.js\'' ]
12 silly lifecycle vets-json-schema@1.7.5~test: Returned: code: 41  signal: null
13 info lifecycle vets-json-schema@1.7.5~test: Failed to exec test script
14 verbose stack Error: vets-json-schema@1.7.5 test: `mocha 'test/**/*.spec.js'`
14 verbose stack Exit status 41
14 verbose stack     at EventEmitter.<anonymous> (/usr/local/lib/node_modules/npm/lib/utils/lifecycle.js:245:16)
14 verbose stack     at emitTwo (events.js:87:13)
14 verbose stack     at EventEmitter.emit (events.js:172:7)
14 verbose stack     at ChildProcess.<anonymous> (/usr/local/lib/node_modules/npm/lib/utils/spawn.js:24:14)
14 verbose stack     at emitTwo (events.js:87:13)
14 verbose stack     at ChildProcess.emit (events.js:172:7)
14 verbose stack     at maybeClose (internal/child_process.js:827:16)
14 verbose stack     at Process.ChildProcess._handle.onexit (internal/child_process.js:211:5)
15 verbose pkgid vets-json-schema@1.7.5
16 verbose cwd /Users/vacokainia/Desktop/coding/vets-json-schema
17 error Darwin 14.5.0
18 error argv "/usr/local/bin/node" "/usr/local/bin/npm" "run" "test"
19 error node v4.4.5
20 error npm  v3.9.3
21 error code ELIFECYCLE
22 error vets-json-schema@1.7.5 test: `mocha 'test/**/*.spec.js'`
22 error Exit status 41
23 error Failed at the vets-json-schema@1.7.5 test script 'mocha 'test/**/*.spec.js''.
23 error Make sure you have the latest version of node.js and npm installed.
23 error If you do, this is most likely a problem with the vets-json-schema package,
23 error not with npm itself.
23 error Tell the author that this fails on your system:
23 error     mocha 'test/**/*.spec.js'
23 error You can get information on how to open an issue for this project with:
23 error     npm bugs vets-json-schema
23 error Or if that isn't available, you can get their info via:
23 error     npm owner ls vets-json-schema
23 error There is likely additional logging output above.
24 verbose exit [ 1, true ]
